%%%% artist:009 Sound System %%%%
%%%% url:http://www.e-chords.com/tabs/009-sound-system/dreamscape %%%%
%%%% title:Dreamscape  %%%%
%%%% difficulty:nolevel %%%%
%%%% key:None %%%%
%%%% provider:echords %%%%
%%%% contributor:deivcavalcanti %%%%
%%%% type:tab %%%%
%%%% Tab:
	  Noticed there were no tabs out for this... so I just figured it out in a couple of 
minutes. Rather easy. 
Anyway, shouldn't be hard to get up to speed and in time quickly, unless you're slightly retarded. 


Part 1 
Main progression: 
----------------| 
----------------| 
----------------| 
8---6---4-----6-| 
6---4---2-----4-| 
----------------| 

Main low lead:(Weird Ooooh, Ooooh, Oooh, over the main progression) You can do slides 
from 2nd fret to all notes in this lead to make it sound better, optional of course.. I 
also prefer to vibrato the notes in the lead below (obviously, not the note you slide  
from, but thenotesbelow which you slide to) 
----------------| 
----------------| 
----------------| 
----------------| 
6---9---6---6-4-| 
----------------| 

Main electronic lead, progression variation. 
Use this variation of the main progression... better with 2 guitars or a loop (one 
playing the original power chord progression the other playing the notes on the next  
tabs d 
string) Or you could just transpose the d string notes 
an octive higher. 
----------------| 
----------------| 
----------------| 
8---6---8---6-6-| 
6---4---2-----4-| 
----------------| 
a 
Main lead: 

------------------------------------| 
11p-10h-11-10-8--11p-10h-11-10------|  2nd variation below 
-------------------------------11-9-| 
------------------------------------| 
------------------------------------| 
------------------------------------| 


----------------------------------| 
11p-10h-11-10-8--11p-10h-11-10 8~-| 
----------------------------------| 
----------------------------------| 
----------------------------------| 
----------------------------------| 


Vocal section. ('You can do anything,you want to') 
Progression. 
1st time          2nd time             etc 
---------------|-------------------| 
---------------|-------------------| 
---------------|-------------------| 
---------------|-------------------| 
6---9---13---11|6---9---13---13----| 
4---7---11---9-|4---7---11---11----| 


Vocal Section. Lead (the actual vocals. I'll try spell it out by separating each 
syllable to each note or section of notes (:. But the rhythm should be easy to get once you 
listen to it if you find it difficult in tab. 


Yooo-ouu|Can-do|An-y|thing|you-want-to| 
--------|----|---|---|----| 
--------|----|---|---|----| 
--------|----|---|---|----| 
8--6----|----|--6|6-8|88-6| 
------96|--69|9--|---|----| 
--------|----|---|---|----| 


Yooo-ouu|Can-do|An-y|thing| 
--------|----|---|--------| 
--------|----|---|--------| 
--------|----|---|--------| 
8--6----|----|--6|6-------| 
------96|--69|9--|--8-----| 
--------|----|---|--------| 


Last but not least... The SOLO. 
Played over the main progression, with first melody also obviously :3 
There's 4 different sections of arpeggio's in this solo. So I'll separate them... 
Thereyou go,. pretty sure that's all of it. Enjoy and rate this schizzle 5/5 ;D 
-Teddikilla 

--------------------|---------------------| 
9-------9-------9---|11-9----11-9----11-9-| 
--11-10---11-10---11|-----11------11------| 
--------------------|---------------------| 
--------------------|---------------------| 
--------------------|---------------------| 


------------------|---------------| 
9------9------9---|7-6---7-6---7-6| 
--11-8---11-8---11|----6-----6----| 
------------------|---------------| 
------------------|---------------| 
------------------|---------------| 
	  
