%%%% artist:0 KM %%%%
%%%% url:http://www.e-chords.com/chords/0-km/alma-dormida %%%%
%%%% title:Alma Dormida  %%%%
%%%% difficulty:Expert %%%%
%%%% key:G %%%%
%%%% provider:echords %%%%
%%%% contributor:yodolphin %%%%
%%%% type:chords %%%%
%%%% Tab:
	         <u>G</u>                                               <u>Em</u> 
Quiero volver, y encontrarte otra vez 
           <u>C</u>                           <u>D</u> 
Sentir tu piel latiendo aquí cerca de mí. 
          <u>G</u>            <u>Em</u>             
Quiero tener, la valentía que no tuve ayer, 
         <u>C</u>                          <u>D</u> 
y despertar tu alma dormida y recobrar tu corazón 
       <u>G</u>                           <u>Em</u> 
Mi recuerdo parte mi pecho en pedazos, 
         <u>C</u>                    <u>D</u> 
volve pronto necesito de tu amor... 

         <u>G</u>              
Si todo fué, tan especial  
          <u>Em</u>  
si hoy te amo y no estás 
          <u>C</u>        
quiero saber que hacer conmigo, 
           <u>D</u> 
si ya no existe mi lugar. 
          <u>G</u> 
Lo que pasó,pasó después, 
         <u>Em</u> 
murió mi alma no lo ves 
            <u>C</u>       
si vos hoy me siento perdido, 
       <u>D</u> 
y muy sólo... 
      <u>G</u>         <u>Em</u> 
Ayudame... 
      <u>C</u>         <u>D</u> 
Ayudame... 


                  (sube un tono) 
        <u>A</u>                    <u>F#m</u> 
Mi corazón..........no puede aceptar decir adios 
           <u>D</u>    
quiero sentirte como antes, 
            <u>E</u>  
en donde estés escucháme, 
       <u>A</u>                         <u>F#m</u>        
mi recuerdo parte mi hecho en pedazos, 
        <u>D</u>                     <u>E</u> 
volve pronto necesito de tu amor...! 

          <u>A</u>  
Si todo fué tan especial 
          <u>Fm</u> sost. 
si hoy te amo y si no estás 
           <u>D</u>     
quiero saber que hacer conmigo, 
           <u>E</u>  
si ya no existe mi lugar, 
          <u>A</u> 
lo que pasó, pasó y después 
         <u>Fm</u> sost. 
murió mi alma no lo ves 
            <u>D</u>                         <u>E</u> 
si vos hoy me siento perdido y muy sólo... 
      <u>A</u>          <u>F#m</u>                  <u>D</u>      <u>E</u> 
Ayudame........................Ayudame........      
              (sube otro tono) 
          <u>C</u>           
Si todo fué tan especial, 
          <u>Am</u> 
si hoy te amo y si no estás, 
          <u>F</u>             
quiero saber que hacer conmigo 
          <u>G</u> 
y ya no existe mi lugar. 
          <u>C</u>  
Lo que pasó, pasó después  
         <u>Am</u> 
murió mi alma no lo ves 
            <u>F</u> 
si vos hoy me siento perdido, 
       <u>G</u>   
y voy sólo... 
       <u>C</u>              <u>Am</u>             <u>F</u>    <u>G</u> 
Ayudame......na na ra na naaa..Ayudame..... 
	  
