%%%% artist:10cc %%%%
%%%% url:http://www.e-chords.com/chords/10cc/i-bought-a-flat-guitar-tutor %%%%
%%%% title:I Bought A flat Guitar Tutor  %%%%
%%%% difficulty:nolevel %%%%
%%%% key:A %%%%
%%%% provider:echords %%%%
%%%% contributor:None %%%%
%%%% type:chords %%%%
%%%% Tab:
	  <u>A</u>I bought a <u>Ab</u>flat
<u>Abº</u>Diminished responsibili<u>E</u>ty
You're de <u>D9</u>ninth person to <u>C</u>see
To <u>Bsus</u>be  sus<u>B</u>pended by a <u>A7</u>seventh <u>Amaj7</u>major
catastro<u>E</u>phe
It`s a <u>Am</u>minor point but
<u>G</u>Gee
<u>G</u>Augmented
By the <u>G#</u>sharpness
Of your
<u>C</u>See what I'm going through
<u>A</u>Eh, to <u>B</u>be with <u>E</u>you
In a <u>Ab</u>flat
By the <u>C</u>sea
{c:Instrumental}
{c:repeat verse}


	  
