%%%% artist:14 bis %%%%
%%%% url:http://www.e-chords.com/chords/14-bis/eu-ja-fechei-meu-olhos %%%%
%%%% title:Eu Já Fechei Meu Olhos  %%%%
%%%% difficulty:nolevel %%%%
%%%% key:C %%%%
%%%% provider:echords %%%%
%%%% contributor:tercmoraes %%%%
%%%% type:chords %%%%
%%%% Tab:
	  
<i>Introdução:</i> <u>Cmaj7</u>  <u>Em7</u>  <u>Cadd9</u>  <u>C</u>  <u>Bm7</u>  <u>C</u>  <u>Em</u>  <u>C</u>  <u>Bm7</u>  <u>Am7</u>  

<u>C</u> <u>Cmaj7</u> <u>Em7</u> <u>C</u>    
Apaga a luz Vem se deitar  

<u>Bm7</u> <u>Em</u> <u>Am7</u>   
Cala as mentiras ao me abraçar  
<u>C</u> <u>Cmaj7</u> <u>Em7</u>    
O que eu já sei não me traduz  
<u>Bm7</u> <u>Em</u> <u>Am7</u>  
Mais uma vez me abraça mais  
<u>Cadd9</u> <u>D</u> <u>Dsus</u> <u>D</u>   
E nunca mais  
<u>C</u> <u>G</u> <u>C</u>   
Vou dizer "te amo" quando eu não  
<u>C</u> <u>G</u> <u>Bm7</u> <u>C</u>   
Vou calar se já não tem solução  
<u>Em7</u> <u>C</u> <u>D</u> <u>Em</u>   
Alguém me diz que o tempo não pára  
<u>Em7</u> <u>C</u> <u>D</u> <u>Em</u>   
Não precisa encobrir o que está na cara  
<u>Am7</u> <u>D</u>   
Mas quem não, oohh, quem não ?  
<u>Cadd9</u> <u>G</u>  <u>C</u> <u>Cmaj7</u>   
Eu lá fechei meus olhos, mas quem não ?  

<u>C</u> <u>Cmaj7</u> <u>Em7</u>   
Pra não chorar, não vou dizer  
<u>C</u> <u>Bm7</u> <u>Em</u> <u>Am7</u>   
Palavras que ouvi, mas quis esquecer  
<u>C</u> <u>Cmaj7</u> <u>Em7</u> come <u>C</u>   
Se de manhã o sonho acabar  
<u>Bm7</u>	 <u>Em</u> <u>Am7</u>   
É hora de alguém parar de lutar  
<u>Cadd9</u> <u>D</u> fight <u>Dsus</u> <u>D</u>   
Eu vou parar de lutar  
<u>C</u> <u>G</u> <u>C</u>   
Não vou dizer "te amo" quando eu não  
<u>C</u> <u>G</u> <u>Bm7</u> <u>C</u>   
Não vou mais calar: foi tudo em vão  
<u>Em7</u> <u>C</u> <u>D</u> <u>Em</u>   
Alguém me diz que o tempo não pára  
<u>Em7</u> <u>C</u> <u>D</u> <u>Em</u>   
Não precisa encobrir o que está na cara  
<u>Am7</u> <u>D</u>   
Mas quem não, oohh, quem não ?  
<u>Cadd9</u> <u>G</u> <u>C</u> <u>Cmaj7</u>   

Eu já fechei meus olhos, mas quem não <i></i>  
<u>Cmaj7</u>  <u>Em7</u>  <u>Cadd9</u>  <u>C</u>  <u>Bm7</u>  <u>C</u>  <u>Em</u>  <u>C</u>  <u>Bm7</u>  <u>Am7</u> 
	  
