%%%% artist:14 bis %%%%
%%%% url:http://www.e-chords.com/chords/14-bis/pai %%%%
%%%% title:Pai  %%%%
%%%% difficulty:Beginner %%%%
%%%% key:A %%%%
%%%% provider:echords %%%%
%%%% contributor:None %%%%
%%%% type:chords %%%%
%%%% Tab:
	  Introdução: <u>A7+</u>  <u>D7+</u>  <u>A7+</u>  <u>D7+</u> 


<u>A7+</u>   <u>D7+</u>                       <u>A7+</u> 
Pai, pode ser que daqui a algum tempo 
<u>D7+</u>                    <u>Bm7</u> 
Haja tempo pra gente ser mais 
<u>E7/9</u>                         <u>A7+</u>    <u>C#7</u>          <u>E7/9</u> 
Muito mais que dois grandes amigos, pai e filho talvez 
<u>A7+</u>  <u>D7+</u>                   <u>A7+</u>    <u>D7+</u>                               <u>Bm7</u> 
Pai, pode ser que daí você sinta, qualquer coisa entre esses vinte ou trinta 
<u>E7/9</u> 
Longos anos em busca de paz.... 
<u>A7+</u>  <u>D7+</u>                         <u>A7+</u>   <u>D7+</u>                     <u>Bm7</u> 
Pai, pode crer, eu tô bem eu vou indo, tô tentando vivendo e pedindo 
<u>E7/9</u>            <u>A7+</u> 
Com loucura pra você renascer... 
<u>A7+</u>  <u>D7+</u>                        <u>A7+</u>   <u>D7+</u>                         <u>Bm7</u> 
Pai, eu não faço questão de ser tudo, só não quero e não vou ficar mudo 
<u>E7/9</u>            <u>A7+</u>      <u>A7</u> 
Prá falar de amor pra você 
<u>D7+</u>  <u>D#º</u>                           <u>A</u>     <u>F#m7</u>                          <u>Bm7</u> 
Pai, senta aqui que o jantar tá na mesa, fala um pouco tua voz tá tão presa 
<u>E7/9</u>                    <u>Bm7</u>   <u>E7/9</u>                    <u>A7+</u>   <u>A5+/D#</u> 
Nos ensine esse jogo da vida, onde a vida só paga pra ver 
<u>D7+</u>  <u>D#º</u>                   <u>A</u>     <u>F#m7</u>                           <u>Bm7</u> 
Pai, me perdoa essa insegurança, é que eu não sou mais aquela criança 
<u>Dm7</u>                    <u>C#m7</u>  <u>F#7</u>                     <u>Bm7</u> 
Que um dia morrendo de medo, nos teus braços você fez segredo 
<u>E7/9</u>                  <u>A7+</u>     <u>Em7</u>  <u>A5+/D#</u> <u>D7+</u> 
Nos teus passos você foi mais eu 
<u>D#º</u>                              <u>A</u>      <u>F#m7</u>                 <u>Bm7</u> 
Pai, eu cresci e não houve outro jeito, quero só recostar no teu peito 
<u>Dm7</u>                          <u>C#m7</u>  <u>F#7</u>                     <u>Bm7</u> 
Pra pedir pra você ir lá em casa e brincar de vovô com meu filho 
<u>E7/9</u>                 <u>A7+</u>   <u>Em7</u>  <u>A5+/D#</u> 
No tapete da sala de estar 
<u>D7+</u>  <u>D#º</u>             <u>A</u>               <u>F#m7</u>                          <u>Bm7</u> 
Pai, você foi meu herói meu bandido, hoje é mais muito mais que um amigo 
<u>Dm7</u>                  <u>C#m7</u>        <u>F#7</u>                    <u>Bm7</u> 
Nem você nem ninguém tá sozinho, você faz parte desse caminho 
<u>E7/9</u>                <u>D7+</u>      <u>A7+</u>  <u>G7+</u>     <u>F#7+</u> 
Que hoje eu sigo em paz      Pai      Paz ... 



	  
