%%%% rating:r_5 %%%%
%%%% artist:009 Sound System Tabs %%%%
%%%% url:http://tabs.ultimate-guitar.com/0-9/009_sound_system/dreamscape_tab.htm %%%%
%%%% title:Dreamscape Tab %%%%
%%%% comments:[u'<p class="mtop5">Please note; The "MAIN LEAD" Section is supposed to be played in the same position, except on the G and D strings, not the G and B!</p>', u'<p class="mtop5">I think. Never even mind, I was wasted when I tabbed this so sorry if it\'s a little all over the place. But it\'s really accurate and should be easy to correct and get the swing of.</p>', u'<p class="mtop5">I believe you. I think you probably need to be drunk to tab this song. Nobody can do it sober.</p>'] %%%%
%%%% difficulty:
                                    novice                                 %%%%
%%%% provider:ultimate-guitar %%%%
%%%% contributor:
                                     %%%%
%%%% type:Tabs %%%%
%%%% Tab:<i></i>Noticed there were no tabs out for this... so I just figured it out in a couple of 
minutes (more like 10). Rather easy. Even mid level beginners could pick this whole song up 
under 15 minutes.
Anyway, shouldn't be hard to get up to speed and in time quickly.


Part 1
Main progression:
----------------|
----------------|
----------------|
8---6---4---4-6-|
6---4---2---2-4-|
----------------|

Main low lead:(Weird Ooooh, Ooooh, Oooh, over the main progression) You can do slides
from 2nd fret to all notes in this lead to make it sound better, optional of course.. I
also prefer to vibrato the notes in the lead below.
It's the easiest little lead ever so it's less than simple to transpose it up an octave 
if you'd like.

----------------|
----------------|
----------------|
----------------|
6---9---6---6-4-|
----------------|


a
Main lead:

------------------------------------|
------------------------------------|
10p-8h-11-10-8--10p-8h-11-10--------|  2nd variation below
------------------------------11-9~-|
------------------------------------|
------------------------------------|



------------------------------------|
------------------------------------|
10p-8h-11-10-8--10p-8h-11-10 8~-----|
------------------------------------|
------------------------------------|
------------------------------------|



Vocal section. ('You can do anything,you want to')
Progression:
1st time          2nd time             etc
---------------|---------------|
---------------|---------------|
---------------|---------------|
----4---8---6--|----4---8---8--|
6---2---6---4--|6---2---6---6--|
4--------------|4--------------|


Vocal Section. Lead (the actual vocals. I'll try spell it out by separating each 
syllable to each note or section of notes.
But the rhythm should be easy to get once you listen to the song.

Yooo-ouu|Can-do|An-y|thing|you-want-to|
--------|----|---|---|----|
--------|----|---|---|----|
--------|----|---|---|----|
8--6----|----|--6|6-8|88-6|
------96|--69|9--|---|----|
--------|----|---|---|----|


Yooo-ouu|Can-do|An-y|thing|
--------|----|---|--------|
--------|----|---|--------|
--------|----|---|--------|
8--6----|----|--6|6-------|
------96|--69|9--|--8-----|
--------|----|---|--------|


Last but not least... The SOLO.
Played over the main progression, with first melody also.
There you go,. pretty sure that's all of it. Enjoy and rate this. Hope it was neat 
enough for you to learn quickly
-Teddikilla

Eb5                   Db5
--------------------|---------------------|
9-------9-------9---|11-9----11-9----11-9-|
--11-10---11-10---11|-----11------11------|
--------------------|---------------------|
--------------------|---------------------|
--------------------|---------------------|

B5                  B5     Db5
------------------|---------------|
9------9------9---|7-6---7-6---7-6|
--11-8---11-8---11|----6-----6----|
------------------|---------------|
------------------|---------------|
------------------|---------------|
