%%%% rating:r_3 %%%%
%%%% artist:009 Sound System Tabs %%%%
%%%% url:http://tabs.ultimate-guitar.com/0-9/009_sound_system/space_and_time_tab.htm %%%%
%%%% title:Space And Time Tab %%%%
%%%% comments:[] %%%%
%%%% difficulty:
                                    intermediate                                 %%%%
%%%% provider:ultimate-guitar %%%%
%%%% contributor:
                                     %%%%
%%%% type:Tabs %%%%
%%%% Tab:<i></i>Song: 009Sounsystem – Space & Time
http://www.myspace.com/009soundsystemofficia

Tabbed By Matt Price aka Gibsonguitaristmatt

KEY:
H = Hammer On
P = Pull Off
T = Tremo or whammy (on sitar can ‘T’ the last note, each time you play the bar)
/ = Slide Up

Intro & throughout song (chords; have to be bar):

   F     Cadd    D#     A#
E|-x------x--------x-------6-----------|
B|-8------x--------x-------6-----------|
G|-10-----5--------8-------7-----------|
D|-10-----5--------8-------8-----------|
A|-8------3--------6-------8-----------|
E|-x------x--------x-------6-----------|

00:03
Intro (Sitar part for guitar):

E|--------------5-6-5-------------|
B|--6--6-6-h-8------8-p-6-h-8-----|
G|--------------------------------|     x3
D|--------------------------------|
A|--------------------------------|
E|--------------------------------|

Then (Intro Sitar still):
E|--------------5-6-5----------------------|
B|--6--6-6-h-8------8-p-6-h-8-PAUSE--p-6---|
G|-----------------------------------------|
D|-----------------------------------------|
A|-----------------------------------------|
E|-----------------------------------------|


00:34
Lead Guitar (Correct notes, you will have to figure out the number of times by ear)
E|-8-8-8-8-8-8-8-8-8-8-8-8--6-6-6-6-6-6-p-5-5-5-h-6-6-6-6-6-6-6-6--------------|
B|-----------------------------------------------------------------6-6-6-6-6---|
G|-----------------------------------------------------------------------------|
D|-----------------------------------------------------------------------------|
A|-----------------------------------------------------------------------------|
E|-----------------------------------------------------------------------------|

Then (miss B string 6 fret at end of bar)
E|-8-8-8-8-8-8-8-8-8-8-8-8--6-6-6-6-6-6-p-5-5-5-h-6-6-6-6-6-6-6-6--|
B|-----------------------------------------------------------------|
G|-----------------------------------------------------------------|
D|-----------------------------------------------------------------|
A|-----------------------------------------------------------------|
E|-----------------------------------------------------------------|

x2 (all of the lead)

1:36
Chord Break:
      F      G      A#
E|----x------x--/----6------x---------------------|
B|----x------x--/----6------x---------------------|
G|---10------x--/----7-----10---------------------|
D|---10------5--/----8-----10---------------------|
A|---8-------5--/----8-----8----------------------|
E|---x-------3--/----6-----x----------------------|       x2


Just 2 other little add on’s if you want:

Firstly When he sings ahh-aaa (0:08) play…

     Ahhhh-----aaa
E|--------------|
B|---8-b-9---6--|
G|--------------|
D|--------------|
A|--------------|
E|--------------|

Secondly when he sings yeah yeah yeah (really quiet at 00:32)

E|--------------------------------------------------------|
B|---8-b-9-b-8-b-9--up and down---then slide down--6------|
G|--------------------------------------------------------|
D|--------------------------------------------------------|
A|--------------------------------------------------------|
E|--------------------------------------------------------|


Matty P
Great Song. I Came Across It Today & Thort It Should be tabbed :D
PEACE & LOVE ALL x

http://www.myspace.com/009soundsystemofficia
