%%%% rating:r_5 %%%%
%%%% artist:009 Sound System Tabs %%%%
%%%% url:http://tabs.ultimate-guitar.com/0-9/009_sound_system/speak_to_angels_crd.htm %%%%
%%%% title:Speak To Angels Chords %%%%
%%%% comments:[u'<p class="mtop5">great job guys! its hard to find people who really take the time these days to make others lives much easier thanks again!!</p>'] %%%%
%%%% difficulty:None %%%%
%%%% provider:ultimate-guitar %%%%
%%%% contributor:
                                     %%%%
%%%% type:Chords %%%%
%%%% Tab:<i></i>Intro: <span>C#</span>  <span>F#</span>   <span>A</span>    <span>F#</span>  (2 veces)

<span>C#</span>                                        <span>A</span>
I was there when jesus came down from the cross...
<span>C#</span>                                    <span>A</span>          
Everyone was just standin' round like idiots....
 <span>B</span>                                        <span>C#</span> <span>D</span>  
These are the things that u can't explain
<span>D</span>                               <span>A</span>
Killing all of what's makin' u ok
                    <span>B</span>
Shouldn't be that way.


<span>B</span>          
So this is how to talk when you speak to angels
<span>A</span>                                             <span>E</span>
Dreamin' while you walk with chimin' bangles yeah
                   <span>D</span>
I could see it tonight....

<span>B</span>                                               
This is what they say when they tell the story a 
<span>A</span>             
cold hearts waitin for a moments glory
<span>E</span>
I....
                   <span>F#</span> 
Guess i don't know why...
They're always singin'

<span>B</span>
My love will take u higher
<span>A</span>                         <span>E</span>   
My heart is still on fire yeah...
Wanna hear u say

<span>B</span>
Your love can take this higher
<span>A</span>                             <span>E</span>   
To everything that you desire yeah....
Wanna hear you say

Solo:  <span>C#</span>  <span>F#</span>  <span>A</span>  <span>F#</span> ( 2 veces)

(Lo demás son los mismo acordes: estrofa, coro y puente)


Tell me babe are you feelin' down givin' up your hope
Sure i know that these feelins' they won't let you
Go....

These sort of things shouldn't block your way
And believin's all u need to feel ok....
It should be eaasya....   (Repeat chorus and puente)


Saludos a Georgia y Mostazin


